

Processing ApplicationController#new (for 127.0.0.1 at 2009-08-18 16:50:28) [GET]

SyntaxError (/home/ivan/Projects/15puzzle/app/controllers/plays_controller.rb:1: syntax error, unexpected tLSHFT, expecting '<' or '\n' or ';'
class PlaysController << ApplicationController
                        ^):
  

Rendered rescues/_trace (188.7ms)
Rendered rescues/_request_and_response (27.7ms)
Rendering rescues/layout (internal_server_error)


Processing PlaysController#new (for 127.0.0.1 at 2009-08-18 16:50:38) [GET]
Rendering plays/new
Completed in 135ms (View: 116, DB: 0) | 200 OK [http://localhost/]
  [4;36;1mSQL (1.0ms)[0m   [0;1m SELECT name
 FROM sqlite_master
 WHERE type = 'table' AND NOT name = 'sqlite_sequence'
[0m
  [4;35;1mSQL (0.5ms)[0m   [0mselect sqlite_version(*)[0m
  [4;36;1mSQL (28.6ms)[0m   [0;1mCREATE TABLE "schema_migrations" ("version" varchar(255) NOT NULL) [0m
  [4;35;1mSQL (7.1ms)[0m   [0mCREATE UNIQUE INDEX "unique_schema_migrations" ON "schema_migrations" ("version")[0m
  [4;36;1mSQL (0.5ms)[0m   [0;1m SELECT name
 FROM sqlite_master
 WHERE type = 'table' AND NOT name = 'sqlite_sequence'
[0m
  [4;35;1mSQL (0.2ms)[0m   [0mSELECT version FROM schema_migrations[0m
  [4;36;1mSQL (1.8ms)[0m   [0;1m SELECT name
 FROM sqlite_master
 WHERE type = 'table' AND NOT name = 'sqlite_sequence'
[0m
  [4;35;1mSQL (0.3ms)[0m   [0mSELECT version FROM schema_migrations[0m
  [4;36;1mSQL (1.8ms)[0m   [0;1m SELECT name
 FROM sqlite_master
 WHERE type = 'table' AND NOT name = 'sqlite_sequence'
[0m
  [4;35;1mSQL (0.3ms)[0m   [0mSELECT version FROM schema_migrations[0m
  [4;36;1mSQL (2.3ms)[0m   [0;1m SELECT name
 FROM sqlite_master
 WHERE type = 'table' AND NOT name = 'sqlite_sequence'
[0m
  [4;35;1mSQL (0.3ms)[0m   [0mSELECT version FROM schema_migrations[0m
  [4;36;1mSQL (0.8ms)[0m   [0;1mSET NAMES 'utf8'[0m
  [4;35;1mSQL (0.8ms)[0m   [0mSET SQL_AUTO_IS_NULL=0[0m
  [4;36;1mSQL (1.4ms)[0m   [0;1mSHOW TABLES[0m
  [4;35;1mSQL (0.8ms)[0m   [0mSELECT version FROM schema_migrations[0m
  [4;36;1mSQL (0.5ms)[0m   [0;1mSET NAMES 'utf8'[0m
  [4;35;1mSQL (0.7ms)[0m   [0mSET SQL_AUTO_IS_NULL=0[0m
  [4;36;1mSQL (58.0ms)[0m   [0;1mDROP DATABASE IF EXISTS `apartmentsifter_test`[0m
  [4;35;1mSQL (1.0ms)[0m   [0mCREATE DATABASE `apartmentsifter_test` DEFAULT CHARACTER SET `utf8`[0m
  [4;36;1mSQL (0.9ms)[0m   [0;1mSET NAMES 'utf8'[0m
  [4;35;1mSQL (0.6ms)[0m   [0mSET SQL_AUTO_IS_NULL=0[0m
  [4;36;1mSQL (1.1ms)[0m   [0;1mSHOW TABLES[0m
  [4;35;1mSQL (0.7ms)[0m   [0mSELECT version FROM schema_migrations[0m
  [4;36;1mSQL (1.6ms)[0m   [0;1mSET NAMES 'utf8'[0m
  [4;35;1mSQL (0.6ms)[0m   [0mSET SQL_AUTO_IS_NULL=0[0m
  [4;36;1mSQL (1.3ms)[0m   [0;1mDROP DATABASE IF EXISTS `apartmentsifter_test`[0m
  [4;35;1mSQL (0.7ms)[0m   [0mCREATE DATABASE `apartmentsifter_test` DEFAULT CHARACTER SET `utf8`[0m
  [4;36;1mSQL (0.9ms)[0m   [0;1mSET NAMES 'utf8'[0m
  [4;35;1mSQL (0.5ms)[0m   [0mSET SQL_AUTO_IS_NULL=0[0m
  [4;36;1mSQL (1.0ms)[0m   [0;1mSHOW TABLES[0m
  [4;35;1mSQL (45.9ms)[0m   [0mCREATE TABLE `admins` (`id` int(11) DEFAULT NULL auto_increment PRIMARY KEY, `username` varchar(255), `hashed_password` varchar(255), `created_at` datetime, `updated_at` datetime) ENGINE=InnoDB[0m
  [4;36;1mSQL (0.9ms)[0m   [0;1mSHOW TABLES[0m
  [4;35;1mSQL (16.3ms)[0m   [0mCREATE TABLE `brokers` (`id` int(11) DEFAULT NULL auto_increment PRIMARY KEY, `email` varchar(255), `hashed_password` varchar(255), `created_at` datetime, `updated_at` datetime, `name` varchar(100), `expected_confirmation` varchar(100), `title` varchar(100), `brokerage_name` varchar(100), `phone_number` varchar(20), `send_me_daily_email` tinyint(1) DEFAULT 1, `team_email_addresses` varchar(150), `avatar_file_name` varchar(255), `avatar_content_type` varchar(255), `avatar_file_size` int(11), `avatar_updated_at` datetime) ENGINE=InnoDB[0m
  [4;36;1mSQL (0.7ms)[0m   [0;1mSHOW TABLES[0m
  [4;35;1mSQL (4.7ms)[0m   [0mCREATE TABLE `folio_columns` (`id` int(11) DEFAULT NULL auto_increment PRIMARY KEY, `listing_column_name` varchar(255), `name` varchar(255), `description` varchar(255), `is_active` tinyint(1), `is_visible` tinyint(1), `sort_type` varchar(255), `order_number` int(11)) ENGINE=InnoDB[0m
  [4;36;1mSQL (1.0ms)[0m   [0;1mSHOW TABLES[0m
  [4;35;1mSQL (8.1ms)[0m   [0mCREATE TABLE `listings` (`id` int(11) DEFAULT NULL auto_increment PRIMARY KEY, `user_id` int(11), `source` varchar(255), `source_id` int(11), `url` varchar(255), `address` varchar(255), `neighborhood` varchar(255), `price` int(11), `price_change` varchar(255), `type` varchar(255), `sqft` int(11), `beds` int(11), `baths` int(11), `halfbaths` int(11), `common_charges` int(11), `taxes` int(11), `maintenance` int(11), `days_on_market` int(11), `status` varchar(255), `open_house` varchar(255), `total_floors` varchar(255), `total_units` varchar(255), `current_list` varchar(255) DEFAULT 'New', `note` varchar(120), `ac_type` varchar(255), `heat_type` varchar(255), `pets` tinyint(1), `views` varchar(255), `dishwasher` tinyint(1), `fireplace` tinyint(1), `furnished` tinyint(1), `outdoor` varchar(255), `storage` tinyint(1), `laundry` varchar(255), `doorman` varchar(255), `gym` tinyint(1), `parking` tinyint(1), `pool` tinyint(1), `elevator` tinyint(1), `party_room` tinyint(1), `venting` varchar(255), `ceilings` varchar(255), `building` varchar(255), `flooring` varchar(255), `floor_number` int(11), `down_payment` varchar(255), `walk_in_closet` tinyint(1), `tax_abatement` tinyint(1), `package_room` tinyint(1), `stove_type` varchar(255), `created_at` datetime, `updated_at` datetime) ENGINE=InnoDB[0m
  [4;36;1mSQL (0.9ms)[0m   [0;1mSHOW TABLES[0m
  [4;35;1mSQL (5.7ms)[0m   [0mCREATE TABLE `users` (`id` int(11) DEFAULT NULL auto_increment PRIMARY KEY, `folio` varchar(6), `email` varchar(255), `created_at` datetime, `updated_at` datetime, `columns` varchar(512), `last_activity_date` datetime, `broker_id` int(11), `name` varchar(100), `send_me_daily_email` tinyint(1) DEFAULT 1, `allow_advanced_features` tinyint(1) DEFAULT 0, `hashed_password` varchar(255), `is_active` tinyint(1) DEFAULT 1) ENGINE=InnoDB[0m
  [4;36;1mSQL (0.9ms)[0m   [0;1mSHOW TABLES[0m
  [4;35;1mSQL (3.8ms)[0m   [0mCREATE TABLE `schema_migrations` (`version` varchar(255) NOT NULL) ENGINE=InnoDB[0m
  [4;36;1mSQL (33.0ms)[0m   [0;1mCREATE UNIQUE INDEX `unique_schema_migrations` ON `schema_migrations` (`version`)[0m
  [4;35;1mSQL (0.7ms)[0m   [0mSHOW TABLES[0m
  [4;36;1mSQL (0.8ms)[0m   [0;1mSELECT version FROM `schema_migrations`[0m
  [4;35;1mSQL (1.1ms)[0m   [0mINSERT INTO `schema_migrations` (version) VALUES ('20090722113330')[0m
  [4;36;1mSQL (0.9ms)[0m   [0;1mSET NAMES 'utf8'[0m
  [4;35;1mSQL (0.6ms)[0m   [0mSET SQL_AUTO_IS_NULL=0[0m
  [4;36;1mSQL (1.2ms)[0m   [0;1mSHOW TABLES[0m
  [4;35;1mSQL (0.9ms)[0m   [0mSELECT version FROM schema_migrations[0m
  [4;36;1mSQL (0.6ms)[0m   [0;1mSET NAMES 'utf8'[0m
  [4;35;1mSQL (0.5ms)[0m   [0mSET SQL_AUTO_IS_NULL=0[0m
  [4;36;1mSQL (101.9ms)[0m   [0;1mDROP DATABASE IF EXISTS `apartmentsifter_test`[0m
  [4;35;1mSQL (0.8ms)[0m   [0mCREATE DATABASE `apartmentsifter_test` DEFAULT CHARACTER SET `utf8`[0m
  [4;36;1mSQL (0.7ms)[0m   [0;1mSET NAMES 'utf8'[0m
  [4;35;1mSQL (0.5ms)[0m   [0mSET SQL_AUTO_IS_NULL=0[0m
  [4;36;1mSQL (1.2ms)[0m   [0;1mSHOW TABLES[0m
  [4;35;1mSQL (0.7ms)[0m   [0mSELECT version FROM schema_migrations[0m
  [4;36;1mSQL (0.7ms)[0m   [0;1mSET NAMES 'utf8'[0m
  [4;35;1mSQL (0.5ms)[0m   [0mSET SQL_AUTO_IS_NULL=0[0m
  [4;36;1mSQL (1.2ms)[0m   [0;1mDROP DATABASE IF EXISTS `apartmentsifter_test`[0m
  [4;35;1mSQL (0.9ms)[0m   [0mCREATE DATABASE `apartmentsifter_test` DEFAULT CHARACTER SET `utf8`[0m
  [4;36;1mSQL (0.8ms)[0m   [0;1mSET NAMES 'utf8'[0m
  [4;35;1mSQL (0.6ms)[0m   [0mSET SQL_AUTO_IS_NULL=0[0m
  [4;36;1mSQL (1.1ms)[0m   [0;1mSHOW TABLES[0m
  [4;35;1mSQL (0.7ms)[0m   [0mSELECT version FROM schema_migrations[0m


Processing PlaysController#new (for 127.0.0.1 at 2009-09-05 11:03:23) [GET]
Rendering plays/new
Completed in 25ms (View: 13 | 200 OK [http://localhost/]


Processing PlaysController#new (for 127.0.0.1 at 2009-09-05 12:58:07) [GET]
Rendering plays/new

ActionView::TemplateError (You have a nil object when you didn't expect it!
You might have expected an instance of Array.
The error occurred while evaluating nil.[]) on line #5 of app/views/plays/new.html.erb:
2:   <% (1..Puzzle::DIMENSION).each do |i |  %>
3:     <tr>
4:       <% (1..Puzzle::DIMENSION).each do |j |  %>
5:         <td><%= @puzzle.matrix[i,j]%></td>
6:       <% end %>
7:     </tr>
8:   <% end %>

    /usr/lib/ruby/1.8/matrix.rb:265:in `[]'
    app/views/plays/new.html.erb:5
    app/views/plays/new.html.erb:4:in `each'
    app/views/plays/new.html.erb:4
    app/views/plays/new.html.erb:2:in `each'
    app/views/plays/new.html.erb:2

Rendered rescues/_trace (270.0ms)
Rendered rescues/_request_and_response (52.3ms)
Rendering rescues/layout (internal_server_error)


Processing PlaysController#new (for 127.0.0.1 at 2009-09-05 12:59:24) [GET]

NoMethodError (undefined method `rows' for Matrix:Class):
  app/models/puzzle.rb:6:in `new_from_arr'
  app/models/puzzle.rb:20:in `initialize'
  app/controllers/plays_controller.rb:5:in `new'
  app/controllers/plays_controller.rb:5:in `new'

Rendered rescues/_trace (134.2ms)
Rendered rescues/_request_and_response (0.5ms)
Rendering rescues/layout (internal_server_error)


Processing PlaysController#new (for 127.0.0.1 at 2009-09-05 13:01:09) [GET]

NoMethodError (undefined method `rows' for Matrix:Class):
  app/models/puzzle.rb:6:in `new_from_arr'
  app/models/puzzle.rb:20:in `initialize'
  app/controllers/plays_controller.rb:5:in `new'
  app/controllers/plays_controller.rb:5:in `new'

Rendered rescues/_trace (135.8ms)
Rendered rescues/_request_and_response (0.7ms)
Rendering rescues/layout (internal_server_error)


Processing PlaysController#new (for 127.0.0.1 at 2009-09-05 13:03:11) [GET]
Rendering plays/new

ActionView::TemplateError (You have a nil object when you didn't expect it!
You might have expected an instance of Array.
The error occurred while evaluating nil.[]) on line #5 of app/views/plays/new.html.erb:
2:   <% (1..Puzzle::DIMENSION).each do |i |  %>
3:     <tr>
4:       <% (1..Puzzle::DIMENSION).each do |j |  %>
5:         <td><%= @puzzle.matrix[i,j]%></td>
6:       <% end %>
7:     </tr>
8:   <% end %>

    /usr/lib/ruby/1.8/matrix.rb:265:in `[]'
    app/views/plays/new.html.erb:5
    app/views/plays/new.html.erb:4:in `each'
    app/views/plays/new.html.erb:4
    app/views/plays/new.html.erb:2:in `each'
    app/views/plays/new.html.erb:2

Rendered rescues/_trace (211.9ms)
Rendered rescues/_request_and_response (7.5ms)
Rendering rescues/layout (internal_server_error)


Processing PlaysController#new (for 127.0.0.1 at 2009-09-05 13:03:34) [GET]

NoMethodError (undefined method `rows' for Matrix:Class):
  app/models/puzzle.rb:6:in `new_from_arr'
  app/models/puzzle.rb:19:in `initialize'
  app/controllers/plays_controller.rb:5:in `new'
  app/controllers/plays_controller.rb:5:in `new'

Rendered rescues/_trace (102.4ms)
Rendered rescues/_request_and_response (1.3ms)
Rendering rescues/layout (internal_server_error)


Processing PlaysController#new (for 127.0.0.1 at 2009-09-05 13:03:44) [GET]

NoMethodError (undefined method `rows' for Matrix:Class):
  app/models/puzzle.rb:6:in `new_from_arr'
  app/models/puzzle.rb:19:in `initialize'
  app/controllers/plays_controller.rb:5:in `new'
  app/controllers/plays_controller.rb:5:in `new'

Rendered rescues/_trace (98.5ms)
Rendered rescues/_request_and_response (0.6ms)
Rendering rescues/layout (internal_server_error)


Processing PlaysController#new (for 127.0.0.1 at 2009-09-05 13:03:45) [GET]

NoMethodError (undefined method `rows' for Matrix:Class):
  app/models/puzzle.rb:6:in `new_from_arr'
  app/models/puzzle.rb:19:in `initialize'
  app/controllers/plays_controller.rb:5:in `new'
  app/controllers/plays_controller.rb:5:in `new'

Rendered rescues/_trace (245.6ms)
Rendered rescues/_request_and_response (0.6ms)
Rendering rescues/layout (internal_server_error)


Processing PlaysController#new (for 127.0.0.1 at 2009-09-05 13:03:46) [GET]

NoMethodError (undefined method `rows' for Matrix:Class):
  app/models/puzzle.rb:6:in `new_from_arr'
  app/models/puzzle.rb:19:in `initialize'
  app/controllers/plays_controller.rb:5:in `new'
  app/controllers/plays_controller.rb:5:in `new'

Rendered rescues/_trace (122.7ms)
Rendered rescues/_request_and_response (0.5ms)
Rendering rescues/layout (internal_server_error)


Processing PlaysController#new (for 127.0.0.1 at 2009-09-05 13:05:03) [GET]

NoMethodError (undefined method `rows' for Matrix:Class):
  app/models/puzzle.rb:8:in `new_from_arr'
  app/models/puzzle.rb:21:in `initialize'
  app/controllers/plays_controller.rb:5:in `new'
  app/controllers/plays_controller.rb:5:in `new'

Rendered rescues/_trace (121.9ms)
Rendered rescues/_request_and_response (0.4ms)
Rendering rescues/layout (internal_server_error)


Processing PlaysController#new (for 127.0.0.1 at 2009-09-05 13:05:48) [GET]

NameError (uninitialized constant Matrix):
  app/models/puzzle.rb:3
  app/controllers/plays_controller.rb:5:in `new'

Rendered rescues/_trace (233.7ms)
Rendered rescues/_request_and_response (0.6ms)
Rendering rescues/layout (internal_server_error)


Processing PlaysController#new (for 127.0.0.1 at 2009-09-05 13:06:11) [GET]

NameError (uninitialized constant Matrix):
  app/models/puzzle.rb:3
  app/controllers/plays_controller.rb:5:in `new'

Rendered rescues/_trace (123.4ms)
Rendered rescues/_request_and_response (0.6ms)
Rendering rescues/layout (internal_server_error)


Processing PlaysController#new (for 127.0.0.1 at 2009-09-05 13:07:03) [GET]

NoMethodError (undefined method `rows' for #<Puzzle:0xb74ad76c>):
  app/models/puzzle.rb:14:in `new_from_arr'
  app/models/puzzle.rb:8:in `initialize'
  app/controllers/plays_controller.rb:5:in `new'
  app/controllers/plays_controller.rb:5:in `new'

Rendered rescues/_trace (133.1ms)
Rendered rescues/_request_and_response (1.9ms)
Rendering rescues/layout (internal_server_error)


Processing PlaysController#new (for 127.0.0.1 at 2009-09-05 13:07:14) [GET]

NameError (uninitialized constant Puzzle::Matrix):
  app/models/puzzle.rb:14:in `new_from_arr'
  app/models/puzzle.rb:8:in `initialize'
  app/controllers/plays_controller.rb:5:in `new'
  app/controllers/plays_controller.rb:5:in `new'

Rendered rescues/_trace (239.6ms)
Rendered rescues/_request_and_response (0.8ms)
Rendering rescues/layout (internal_server_error)


Processing PlaysController#new (for 127.0.0.1 at 2009-09-05 13:07:44) [GET]

NameError (uninitialized constant Puzzle::Matrix):
  app/models/puzzle.rb:14:in `new_from_arr'
  app/models/puzzle.rb:8:in `initialize'
  app/controllers/plays_controller.rb:5:in `new'
  app/controllers/plays_controller.rb:5:in `new'

Rendered rescues/_trace (101.8ms)
Rendered rescues/_request_and_response (0.6ms)
Rendering rescues/layout (internal_server_error)


Processing PlaysController#new (for 127.0.0.1 at 2009-09-05 13:08:52) [GET]

NameError (uninitialized constant Puzzle::Matrix):
  app/models/puzzle.rb:14:in `new_from_arr'
  app/models/puzzle.rb:8:in `initialize'
  app/controllers/plays_controller.rb:5:in `new'
  app/controllers/plays_controller.rb:5:in `new'

Rendered rescues/_trace (105.2ms)
Rendered rescues/_request_and_response (0.5ms)
Rendering rescues/layout (internal_server_error)


Processing PlaysController#new (for 127.0.0.1 at 2009-09-05 13:11:41) [GET]

NameError (uninitialized constant Puzzle::Matrix):
  app/models/puzzle.rb:14:in `new_from_arr'
  app/models/puzzle.rb:8:in `initialize'
  app/controllers/plays_controller.rb:5:in `new'
  app/controllers/plays_controller.rb:5:in `new'

Rendered rescues/_trace (118.0ms)
Rendered rescues/_request_and_response (0.6ms)
Rendering rescues/layout (internal_server_error)


Processing PlaysController#new (for 127.0.0.1 at 2009-09-05 13:13:52) [GET]

NameError (uninitialized constant PlaysController::Matrix):
  app/controllers/plays_controller.rb:8:in `new'

Rendered rescues/_trace (97.5ms)
Rendered rescues/_request_and_response (0.6ms)
Rendering rescues/layout (internal_server_error)


Processing PlaysController#new (for 127.0.0.1 at 2009-09-05 13:14:13) [GET]

NameError (uninitialized constant PlaysController::Matrix):
  app/controllers/plays_controller.rb:8:in `new'

Rendered rescues/_trace (101.5ms)
Rendered rescues/_request_and_response (0.6ms)
Rendering rescues/layout (internal_server_error)


Processing PlaysController#new (for 127.0.0.1 at 2009-09-05 13:21:34) [GET]
Rendering plays/new

ActionView::TemplateError (You have a nil object when you didn't expect it!
You might have expected an instance of Array.
The error occurred while evaluating nil.[]) on line #5 of app/views/plays/new.html.erb:
2:   <% (1..Puzzle::DIMENSION).each do |i |  %>
3:     <tr>
4:       <% (1..Puzzle::DIMENSION).each do |j |  %>
5:         <td><%= @puzzle.matrix[i,j]%></td>
6:       <% end %>
7:     </tr>
8:   <% end %>

    /usr/lib/ruby/1.8/matrix.rb:265:in `[]'
    app/views/plays/new.html.erb:5
    app/views/plays/new.html.erb:4:in `each'
    app/views/plays/new.html.erb:4
    app/views/plays/new.html.erb:2:in `each'
    app/views/plays/new.html.erb:2

Rendered rescues/_trace (197.3ms)
Rendered rescues/_request_and_response (2.1ms)
Rendering rescues/layout (internal_server_error)


Processing PlaysController#new (for 127.0.0.1 at 2009-09-05 13:21:59) [GET]
Rendering plays/new

ActionView::TemplateError (You have a nil object when you didn't expect it!
You might have expected an instance of Array.
The error occurred while evaluating nil.[]) on line #5 of app/views/plays/new.html.erb:
2:   <% (1..Puzzle::DIMENSION).each do |i |  %>
3:     <tr>
4:       <% (1..Puzzle::DIMENSION).each do |j |  %>
5:         <td><%= @puzzle.matrix[i,j]%></td>
6:       <% end %>
7:     </tr>
8:   <% end %>

    /usr/lib/ruby/1.8/matrix.rb:265:in `[]'
    app/views/plays/new.html.erb:5
    app/views/plays/new.html.erb:4:in `each'
    app/views/plays/new.html.erb:4
    app/views/plays/new.html.erb:2:in `each'
    app/views/plays/new.html.erb:2

Rendered rescues/_trace (111.8ms)
Rendered rescues/_request_and_response (0.9ms)
Rendering rescues/layout (internal_server_error)


Processing PlaysController#new (for 127.0.0.1 at 2009-09-05 13:22:01) [GET]
Rendering plays/new

ActionView::TemplateError (You have a nil object when you didn't expect it!
You might have expected an instance of Array.
The error occurred while evaluating nil.[]) on line #5 of app/views/plays/new.html.erb:
2:   <% (1..Puzzle::DIMENSION).each do |i |  %>
3:     <tr>
4:       <% (1..Puzzle::DIMENSION).each do |j |  %>
5:         <td><%= @puzzle.matrix[i,j]%></td>
6:       <% end %>
7:     </tr>
8:   <% end %>

    /usr/lib/ruby/1.8/matrix.rb:265:in `[]'
    app/views/plays/new.html.erb:5
    app/views/plays/new.html.erb:4:in `each'
    app/views/plays/new.html.erb:4
    app/views/plays/new.html.erb:2:in `each'
    app/views/plays/new.html.erb:2

Rendered rescues/_trace (261.9ms)
Rendered rescues/_request_and_response (0.5ms)
Rendering rescues/layout (internal_server_error)


Processing PlaysController#new (for 127.0.0.1 at 2009-09-05 13:22:33) [GET]
Rendering plays/new

ActionView::TemplateError (You have a nil object when you didn't expect it!
You might have expected an instance of Array.
The error occurred while evaluating nil.[]) on line #5 of app/views/plays/new.html.erb:
2:   <% (1..Puzzle::DIMENSION).each do |i |  %>
3:     <tr>
4:       <% (1..Puzzle::DIMENSION).each do |j |  %>
5:         <td><%= @puzzle.matrix[i,j]%></td>
6:       <% end %>
7:     </tr>
8:   <% end %>

    /usr/lib/ruby/1.8/matrix.rb:265:in `[]'
    app/views/plays/new.html.erb:5
    app/views/plays/new.html.erb:4:in `each'
    app/views/plays/new.html.erb:4
    app/views/plays/new.html.erb:2:in `each'
    app/views/plays/new.html.erb:2

Rendered rescues/_trace (123.0ms)
Rendered rescues/_request_and_response (0.6ms)
Rendering rescues/layout (internal_server_error)


Processing PlaysController#new (for 127.0.0.1 at 2009-09-05 13:24:07) [GET]
Rendering plays/new

ActionView::TemplateError (You have a nil object when you didn't expect it!
You might have expected an instance of Array.
The error occurred while evaluating nil.[]) on line #5 of app/views/plays/new.html.erb:
2:   <% (1..Puzzle::DIMENSION).each do |i |  %>
3:     <tr>
4:       <% (1..Puzzle::DIMENSION).each do |j |  %>
5:         <td><%= @puzzle.matrix[i,j]%></td>
6:       <% end %>
7:     </tr>
8:   <% end %>

    /usr/lib/ruby/1.8/matrix.rb:265:in `[]'
    app/views/plays/new.html.erb:5
    app/views/plays/new.html.erb:4:in `each'
    app/views/plays/new.html.erb:4
    app/views/plays/new.html.erb:2:in `each'
    app/views/plays/new.html.erb:2

Rendered rescues/_trace (116.5ms)
Rendered rescues/_request_and_response (4.9ms)
Rendering rescues/layout (internal_server_error)


Processing PlaysController#new (for 127.0.0.1 at 2009-09-05 13:25:13) [GET]
Rendering plays/new

ActionView::TemplateError (You have a nil object when you didn't expect it!
You might have expected an instance of Array.
The error occurred while evaluating nil.[]) on line #5 of app/views/plays/new.html.erb:
2:   <% (1..Puzzle::DIMENSION).each do |i |  %>
3:     <tr>
4:       <% (1..Puzzle::DIMENSION).each do |j |  %>
5:         <td><%= @puzzle.matrix[i,j]%></td>
6:       <% end %>
7:     </tr>
8:   <% end %>

    /usr/lib/ruby/1.8/matrix.rb:265:in `[]'
    app/views/plays/new.html.erb:5
    app/views/plays/new.html.erb:4:in `each'
    app/views/plays/new.html.erb:4
    app/views/plays/new.html.erb:2:in `each'
    app/views/plays/new.html.erb:2

Rendered rescues/_trace (130.4ms)
Rendered rescues/_request_and_response (0.6ms)
Rendering rescues/layout (internal_server_error)


Processing PlaysController#new (for 127.0.0.1 at 2009-09-05 13:26:38) [GET]
Rendering plays/new
Completed in 88ms (View: 23 | 200 OK [http://localhost/plays/new]


Processing PlaysController#new (for 127.0.0.1 at 2009-09-05 13:27:18) [GET]
Rendering plays/new
Completed in 112ms (View: 46 | 200 OK [http://localhost/plays/new]


Processing PlaysController#new (for 127.0.0.1 at 2009-09-05 13:27:44) [GET]
Rendering plays/new

ActionView::TemplateError (You have a nil object when you didn't expect it!
You might have expected an instance of Array.
The error occurred while evaluating nil.[]) on line #5 of app/views/plays/new.html.erb:
2:   <% (1..Puzzle::DIMENSION).each do |i |  %>
3:     <tr>
4:       <% (1..Puzzle::DIMENSION).each do |j |  %>
5:         <td><%= @puzzle.matrix[i, j]%></td>
6:       <% end %>
7:     </tr>
8:   <% end %>

    /usr/lib/ruby/1.8/matrix.rb:265:in `[]'
    app/views/plays/new.html.erb:5
    app/views/plays/new.html.erb:4:in `each'
    app/views/plays/new.html.erb:4
    app/views/plays/new.html.erb:2:in `each'
    app/views/plays/new.html.erb:2

Rendered rescues/_trace (244.1ms)
Rendered rescues/_request_and_response (0.7ms)
Rendering rescues/layout (internal_server_error)


Processing PlaysController#new (for 127.0.0.1 at 2009-09-05 13:28:54) [GET]
Rendering plays/new
Completed in 93ms (View: 46 | 200 OK [http://localhost/plays/new]


Processing PlaysController#new (for 127.0.0.1 at 2009-09-05 13:29:16) [GET]
Rendering plays/new
Completed in 60ms (View: 21 | 200 OK [http://localhost/plays/new]


Processing PlaysController#new (for 127.0.0.1 at 2009-09-05 13:30:50) [GET]
Rendering plays/new

ActionView::TemplateError (undefined method `i' for #<ActionView::Base:0xb771f89c>) on line #5 of app/views/plays/new.html.erb:
2:   <% (1..Puzzle::DIMENSION).each do |i |  %>
3:     <tr>
4:       <% (1..Puzzle::DIMENSION).each do |j |  %>
5:         <td><%= i j%></td>
6:       <% end %>
7:     </tr>
8:   <% end %>

    app/views/plays/new.html.erb:5
    app/views/plays/new.html.erb:4:in `each'
    app/views/plays/new.html.erb:4
    app/views/plays/new.html.erb:2:in `each'
    app/views/plays/new.html.erb:2

Rendered rescues/_trace (112.1ms)
Rendered rescues/_request_and_response (0.7ms)
Rendering rescues/layout (internal_server_error)


Processing PlaysController#new (for 127.0.0.1 at 2009-09-05 13:32:39) [GET]
Rendering plays/new
Completed in 66ms (View: 10 | 200 OK [http://localhost/plays/new]


Processing PlaysController#new (for 127.0.0.1 at 2009-09-05 13:32:56) [GET]
Rendering plays/new
Completed in 65ms (View: 7 | 200 OK [http://localhost/plays/new]


Processing PlaysController#new (for 127.0.0.1 at 2009-09-05 13:33:17) [GET]
Rendering plays/new
Completed in 65ms (View: 27 | 200 OK [http://localhost/plays/new]


Processing PlaysController#new (for 127.0.0.1 at 2009-09-05 13:33:27) [GET]
Rendering plays/new

ActionView::TemplateError (You have a nil object when you didn't expect it!
You might have expected an instance of Array.
The error occurred while evaluating nil.[]) on line #5 of app/views/plays/new.html.erb:
2:   <% (1..Puzzle::DIMENSION).each do |i|  %>
3:     <tr>
4:       <% (1..Puzzle::DIMENSION).each do |j|  %>
5:         <td><%= @puzzle.matrix[i, j] %></td>
6:       <% end %>
7:     </tr>
8:   <% end %>

    /usr/lib/ruby/1.8/matrix.rb:265:in `[]'
    app/views/plays/new.html.erb:5
    app/views/plays/new.html.erb:4:in `each'
    app/views/plays/new.html.erb:4
    app/views/plays/new.html.erb:2:in `each'
    app/views/plays/new.html.erb:2

Rendered rescues/_trace (125.5ms)
Rendered rescues/_request_and_response (0.6ms)
Rendering rescues/layout (internal_server_error)


Processing PlaysController#new (for 127.0.0.1 at 2009-09-05 13:33:52) [GET]
Rendering plays/new
Completed in 62ms (View: 22 | 200 OK [http://localhost/plays/new]


Processing PlaysController#new (for 127.0.0.1 at 2009-09-05 13:35:08) [GET]
Rendering plays/new
Completed in 69ms (View: 6 | 200 OK [http://localhost/plays/new]


Processing PlaysController#new (for 127.0.0.1 at 2009-09-05 13:35:11) [GET]
Rendering plays/new
Completed in 78ms (View: 2 | 200 OK [http://localhost/plays/new]


Processing PlaysController#new (for 127.0.0.1 at 2009-09-05 13:35:22) [GET]
Rendering plays/new
Completed in 69ms (View: 10 | 200 OK [http://localhost/plays/new]


Processing PlaysController#new (for 127.0.0.1 at 2009-09-05 13:36:15) [GET]
Rendering plays/new
Completed in 66ms (View: 1 | 200 OK [http://localhost/plays/new]


Processing PlaysController#new (for 127.0.0.1 at 2009-09-05 13:36:17) [GET]
Rendering plays/new
Completed in 95ms (View: 2 | 200 OK [http://localhost/plays/new]


Processing PlaysController#new (for 127.0.0.1 at 2009-09-05 13:36:36) [GET]

NoMethodError (undefined method `shift' for #<Enumerable::Enumerator:0xb7bb111c>):
  app/models/puzzle.rb:16:in `new_from_arr'
  app/models/puzzle.rb:16:in `times'
  app/models/puzzle.rb:16:in `new_from_arr'
  app/models/puzzle.rb:10:in `initialize'
  app/controllers/plays_controller.rb:5:in `new'
  app/controllers/plays_controller.rb:5:in `new'

Rendered rescues/_trace (199.9ms)
Rendered rescues/_request_and_response (1.5ms)
Rendering rescues/layout (internal_server_error)


Processing PlaysController#new (for 127.0.0.1 at 2009-09-05 13:37:21) [GET]

ArgumentError (wrong number of arguments (1 for 0)):
  app/models/puzzle.rb:9:in `sort_by'
  app/models/puzzle.rb:9:in `initialize'
  app/controllers/plays_controller.rb:5:in `new'
  app/controllers/plays_controller.rb:5:in `new'

Rendered rescues/_trace (104.7ms)
Rendered rescues/_request_and_response (0.6ms)
Rendering rescues/layout (internal_server_error)


Processing PlaysController#new (for 127.0.0.1 at 2009-09-05 13:37:43) [GET]
Rendering plays/new
Completed in 74ms (View: 3 | 200 OK [http://localhost/plays/new]


Processing PlaysController#new (for 127.0.0.1 at 2009-09-05 13:37:46) [GET]
Rendering plays/new
Completed in 89ms (View: 3 | 200 OK [http://localhost/plays/new]


Processing PlaysController#new (for 127.0.0.1 at 2009-09-05 13:37:47) [GET]
Rendering plays/new
Completed in 44ms (View: 2 | 200 OK [http://localhost/plays/new]


Processing PlaysController#new (for 127.0.0.1 at 2009-09-05 13:37:48) [GET]
Rendering plays/new
Completed in 59ms (View: 20 | 200 OK [http://localhost/plays/new]


Processing PlaysController#new (for 127.0.0.1 at 2009-09-05 13:37:48) [GET]
Rendering plays/new
Completed in 71ms (View: 3 | 200 OK [http://localhost/plays/new]


Processing PlaysController#new (for 127.0.0.1 at 2009-09-05 13:37:49) [GET]
Rendering plays/new
Completed in 67ms (View: 2 | 200 OK [http://localhost/plays/new]


Processing PlaysController#new (for 127.0.0.1 at 2009-09-05 13:37:50) [GET]
Rendering plays/new
Completed in 41ms (View: 2 | 200 OK [http://localhost/plays/new]


Processing PlaysController#new (for 127.0.0.1 at 2009-09-05 13:37:50) [GET]
Rendering plays/new
Completed in 76ms (View: 29 | 200 OK [http://localhost/plays/new]


Processing PlaysController#new (for 127.0.0.1 at 2009-09-05 13:37:51) [GET]
Rendering plays/new
Completed in 56ms (View: 2 | 200 OK [http://localhost/plays/new]


Processing PlaysController#new (for 127.0.0.1 at 2009-09-05 13:37:51) [GET]
Rendering plays/new
Completed in 42ms (View: 2 | 200 OK [http://localhost/plays/new]


Processing PlaysController#new (for 127.0.0.1 at 2009-09-05 13:37:52) [GET]
Rendering plays/new
Completed in 64ms (View: 24 | 200 OK [http://localhost/plays/new]


Processing PlaysController#new (for 127.0.0.1 at 2009-09-05 13:38:27) [GET]
Rendering plays/new
Completed in 68ms (View: 2 | 200 OK [http://localhost/plays/new]


Processing PlaysController#new (for 127.0.0.1 at 2009-09-05 13:38:48) [GET]
Rendering plays/new
Completed in 69ms (View: 3 | 200 OK [http://localhost/plays/new]
